[debug] > Exec(~run, None, None)
[info] sbt server started at local:sbt-server-26cb642bcfe00d263586
[debug] Writing bsp connection file
[info] started sbt server
[debug] > Exec(__runWatch console0, None, None)
[debug] > Exec(sbtStashOnFailure, None, None)
[debug] > Exec(__preWatch console0, None, None)
[debug] > Exec(run, None, None)
[debug] Evaluating tasks: Compile / run
[debug] Running task... Cancel: Signal, check cycles: false, forcegc: true
[info] compiling 1 Scala source to C:\Users\gavin\OneDrive\Documents\CSCI169\HW6\HW6Jiang\target\scala-3.2.2\classes ...
[info] done compiling
[warn] Canceling execution...
[error] Cancelled: run
[error] Cancelled: run
[error] Use 'last' for the full log.
[debug] > Exec(resumeFromFailure, None, None)
[debug] > Exec(sbtPopOnFailure, None, None)
[debug] > Exec(__postWatch console0, None, None)
[debug] > Exec(__waitWatch console0, None, None)
